<?xml version="1.0" encoding="UTF-8"?>
<testsuite xmlns:xsi="http://www.w3.org/2001/XMLSchema-instance" xsi:noNamespaceSchemaLocation="https://maven.apache.org/surefire/maven-surefire-plugin/xsd/surefire-test-report.xsd" name="TestSuite" time="23.364" tests="3" errors="0" skipped="0" failures="0">
  <properties>
[...]
</properties>
  <testcase name="runScenario" classname="StepDefinition.TestRunner" time="4.662"/>
  <testcase name="runScenario" classname="StepDefinition.TestRunner" time="8.715"/>
  <testcase name="runScenario" classname="StepDefinition.TestRunner" time="8.622"/>
</testsuite>