<?xml version="1.0" encoding="UTF-8"?>
<testng-results ignored="0" total="3" passed="3" failed="0" skipped="0">
  <reporter-output>
  </reporter-output>
  <suite started-at="2022-11-13T04:52:53 IST" name="Suite" finished-at="2022-11-13T04:53:23 IST" duration-ms="29356">
    <groups>
      <group name="cucumber">
        <method signature="AbstractTestNGCucumberTests.runScenario(io.cucumber.testng.PickleWrapper, io.cucumber.testng.FeatureWrapper)[pri:0, instance:StepDefinition.TestRunner@25641d39]" name="runScenario" class="io.cucumber.testng.AbstractTestNGCucumberTests"/>
      </group> <!-- cucumber -->
    </groups>
    <test started-at="2022-11-13T04:52:53 IST" name="Test" finished-at="2022-11-13T04:53:23 IST" duration-ms="29356">
      <class name="StepDefinition.TestRunner">
        <test-method is-config="true" signature="setUpClass()[pri:0, instance:StepDefinition.TestRunner@25641d39]" started-at="2022-11-13T04:52:53 IST" name="setUpClass" finished-at="2022-11-13T04:52:54 IST" duration-ms="437" status="PASS">
          <reporter-output>
          </reporter-output>
        </test-method> <!-- setUpClass -->
        <test-method is-config="true" signature="first()[pri:0, instance:StepDefinition.TestRunner@25641d39]" started-at="2022-11-13T04:52:54 IST" name="first" finished-at="2022-11-13T04:52:54 IST" duration-ms="1" status="PASS">
          <reporter-output>
          </reporter-output>
        </test-method> <!-- first -->
        <test-method signature="runScenario(io.cucumber.testng.PickleWrapper, io.cucumber.testng.FeatureWrapper)[pri:0, instance:StepDefinition.TestRunner@25641d39]" started-at="2022-11-13T04:52:54 IST" name="runScenario" description="Runs Cucumber Scenarios" data-provider="scenarios" finished-at="2022-11-13T04:53:00 IST" duration-ms="5759" status="PASS">
          <params>
            <param index="0">
              <value>
                <![CDATA["Verification of the URL"]]>
              </value>
            </param>
            <param index="1">
              <value>
                <![CDATA["feature to test opening the browser functionality"]]>
              </value>
            </param>
          </params>
          <reporter-output>
          </reporter-output>
        </test-method> <!-- runScenario -->
        <test-method signature="runScenario(io.cucumber.testng.PickleWrapper, io.cucumber.testng.FeatureWrapper)[pri:0, instance:StepDefinition.TestRunner@25641d39]" started-at="2022-11-13T04:53:00 IST" name="runScenario" description="Runs Cucumber Scenarios" data-provider="scenarios" finished-at="2022-11-13T04:53:08 IST" duration-ms="8734" status="PASS">
          <params>
            <param index="0">
              <value>
                <![CDATA["Check search is successful or not"]]>
              </value>
            </param>
            <param index="1">
              <value>
                <![CDATA["feature to test search functionality"]]>
              </value>
            </param>
          </params>
          <reporter-output>
          </reporter-output>
        </test-method> <!-- runScenario -->
        <test-method signature="runScenario(io.cucumber.testng.PickleWrapper, io.cucumber.testng.FeatureWrapper)[pri:0, instance:StepDefinition.TestRunner@25641d39]" started-at="2022-11-13T04:53:08 IST" name="runScenario" description="Runs Cucumber Scenarios" data-provider="scenarios" finished-at="2022-11-13T04:53:22 IST" duration-ms="14150" status="PASS">
          <params>
            <param index="0">
              <value>
                <![CDATA["Check search is successful or not"]]>
              </value>
            </param>
            <param index="1">
              <value>
                <![CDATA["feature to test search functionality"]]>
              </value>
            </param>
          </params>
          <reporter-output>
          </reporter-output>
        </test-method> <!-- runScenario -->
        <test-method is-config="true" signature="last()[pri:0, instance:StepDefinition.TestRunner@25641d39]" started-at="2022-11-13T04:53:22 IST" name="last" finished-at="2022-11-13T04:53:22 IST" duration-ms="1" status="PASS">
          <reporter-output>
          </reporter-output>
        </test-method> <!-- last -->
        <test-method is-config="true" signature="tearDownClass()[pri:0, instance:StepDefinition.TestRunner@25641d39]" started-at="2022-11-13T04:53:22 IST" name="tearDownClass" finished-at="2022-11-13T04:53:23 IST" duration-ms="206" status="PASS">
          <reporter-output>
          </reporter-output>
        </test-method> <!-- tearDownClass -->
      </class> <!-- StepDefinition.TestRunner -->
    </test> <!-- Test -->
  </suite> <!-- Suite -->
</testng-results>
